[0.092s] DEBUG:colcon:Command line arguments: ['/usr/bin/colcon', 'list', '-p', '--base-paths', '/home/leo/Desktop/Git/lychee']
[0.092s] DEBUG:colcon:Parsed command line arguments: Namespace(log_base=None, log_level=None, verb_name='list', build_base='build', ignore_user_meta=False, metas=['./colcon.meta'], base_paths=['/home/leo/Desktop/Git/lychee'], packages_ignore=None, packages_ignore_regex=None, paths=None, packages_up_to=None, packages_up_to_regex=None, packages_above=None, packages_above_and_dependencies=None, packages_above_depth=None, packages_select_by_dep=None, packages_skip_by_dep=None, packages_skip_up_to=None, packages_select_build_failed=False, packages_skip_build_finished=False, packages_select_test_failures=False, packages_skip_test_passed=False, packages_select=None, packages_skip=None, packages_select_regex=None, packages_skip_regex=None, packages_start=None, packages_end=None, allow_overriding=[], topological_order=False, names_only=False, paths_only=True, topological_graph=False, topological_graph_dot=False, topological_graph_density=False, topological_graph_legend=False, topological_graph_dot_cluster=False, topological_graph_dot_include_skipped=False, mixin_files=None, mixin=None, verb_parser=<colcon_mixin.mixin.mixin_argument.MixinArgumentDecorator object at 0x719b2a3c88b0>, verb_extension=<colcon_package_information.verb.list.ListVerb object at 0x719b2a3c8160>, main=<bound method ListVerb.main of <colcon_package_information.verb.list.ListVerb object at 0x719b2a3c8160>>, mixin_verb=('list',))
[0.089s] DEBUG:colcon:Command line arguments: ['/usr/bin/colcon', 'list', '-p', '--base-paths', '/home/leo/Desktop/Git/lychee', '--log-base', '/dev/null']
[0.089s] DEBUG:colcon:Parsed command line arguments: Namespace(log_base=None, log_level=None, verb_name='list', build_base='build', ignore_user_meta=False, metas=['./colcon.meta'], base_paths=['/home/leo/Desktop/Git/lychee', '--log-base', '/dev/null'], packages_ignore=None, packages_ignore_regex=None, paths=None, packages_up_to=None, packages_up_to_regex=None, packages_above=None, packages_above_and_dependencies=None, packages_above_depth=None, packages_select_by_dep=None, packages_skip_by_dep=None, packages_skip_up_to=None, packages_select_build_failed=False, packages_skip_build_finished=False, packages_select_test_failures=False, packages_skip_test_passed=False, packages_select=None, packages_skip=None, packages_select_regex=None, packages_skip_regex=None, packages_start=None, packages_end=None, allow_overriding=[], topological_order=False, names_only=False, paths_only=True, topological_graph=False, topological_graph_dot=False, topological_graph_density=False, topological_graph_legend=False, topological_graph_dot_cluster=False, topological_graph_dot_include_skipped=False, mixin_files=None, mixin=None, verb_parser=<colcon_mixin.mixin.mixin_argument.MixinArgumentDecorator object at 0x75bb21784850>, verb_extension=<colcon_package_information.verb.list.ListVerb object at 0x75bb21784100>, main=<bound method ListVerb.main of <colcon_package_information.verb.list.ListVerb object at 0x75bb21784100>>, mixin_verb=('list',))
[0.257s] Level 1:colcon.colcon_core.package_discovery:discover_packages(colcon_meta) check parameters
[0.257s] Level 1:colcon.colcon_core.package_discovery:discover_packages(recursive) check parameters
[0.257s] Level 1:colcon.colcon_core.package_discovery:discover_packages(ignore) check parameters
[0.257s] Level 1:colcon.colcon_core.package_discovery:discover_packages(path) check parameters
[0.257s] Level 1:colcon.colcon_core.package_discovery:discover_packages(recursive) discover
[0.257s] INFO:colcon.colcon_core.package_discovery:Crawling recursively for packages in '/home/leo/Desktop/Git/lychee', '/home/leo/Desktop/Git/lychee/--log-base', '/dev/null'
[0.257s] Level 1:colcon.colcon_core.package_identification:_identify(/home/leo/Desktop/Git/lychee) by extensions ['ignore', 'ignore_ament_install']
[0.257s] Level 1:colcon.colcon_core.package_identification:_identify(/home/leo/Desktop/Git/lychee) by extension 'ignore'
[0.257s] Level 1:colcon.colcon_core.package_identification:_identify(/home/leo/Desktop/Git/lychee) by extension 'ignore_ament_install'
[0.257s] Level 1:colcon.colcon_core.package_identification:_identify(/home/leo/Desktop/Git/lychee) by extensions ['colcon_pkg']
[0.257s] Level 1:colcon.colcon_core.package_identification:_identify(/home/leo/Desktop/Git/lychee) by extension 'colcon_pkg'
[0.257s] Level 1:colcon.colcon_core.package_identification:_identify(/home/leo/Desktop/Git/lychee) by extensions ['colcon_meta']
[0.257s] Level 1:colcon.colcon_core.package_identification:_identify(/home/leo/Desktop/Git/lychee) by extension 'colcon_meta'
[0.257s] Level 1:colcon.colcon_core.package_identification:_identify(/home/leo/Desktop/Git/lychee) by extensions ['ros']
[0.257s] Level 1:colcon.colcon_core.package_identification:_identify(/home/leo/Desktop/Git/lychee) by extension 'ros'
[0.267s] Level 1:colcon.colcon_core.package_discovery:discover_packages(colcon_meta) check parameters
[0.267s] Level 1:colcon.colcon_core.package_discovery:discover_packages(recursive) check parameters
[0.267s] Level 1:colcon.colcon_core.package_discovery:discover_packages(ignore) check parameters
[0.268s] Level 1:colcon.colcon_core.package_discovery:discover_packages(path) check parameters
[0.268s] Level 1:colcon.colcon_core.package_discovery:discover_packages(recursive) discover
[0.268s] INFO:colcon.colcon_core.package_discovery:Crawling recursively for packages in '/home/leo/Desktop/Git/lychee'
[0.268s] Level 1:colcon.colcon_core.package_identification:_identify(/home/leo/Desktop/Git/lychee) by extensions ['ignore', 'ignore_ament_install']
[0.268s] Level 1:colcon.colcon_core.package_identification:_identify(/home/leo/Desktop/Git/lychee) by extension 'ignore'
[0.268s] Level 1:colcon.colcon_core.package_identification:_identify(/home/leo/Desktop/Git/lychee) by extension 'ignore_ament_install'
[0.268s] Level 1:colcon.colcon_core.package_identification:_identify(/home/leo/Desktop/Git/lychee) by extensions ['colcon_pkg']
[0.268s] Level 1:colcon.colcon_core.package_identification:_identify(/home/leo/Desktop/Git/lychee) by extension 'colcon_pkg'
[0.268s] Level 1:colcon.colcon_core.package_identification:_identify(/home/leo/Desktop/Git/lychee) by extensions ['colcon_meta']
[0.268s] Level 1:colcon.colcon_core.package_identification:_identify(/home/leo/Desktop/Git/lychee) by extension 'colcon_meta'
[0.268s] Level 1:colcon.colcon_core.package_identification:_identify(/home/leo/Desktop/Git/lychee) by extensions ['ros']
[0.268s] Level 1:colcon.colcon_core.package_identification:_identify(/home/leo/Desktop/Git/lychee) by extension 'ros'
[0.273s] Level 1:colcon.colcon_core.package_identification:_identify(/home/leo/Desktop/Git/lychee) by extensions ['cmake', 'python']
[0.273s] Level 1:colcon.colcon_core.package_identification:_identify(/home/leo/Desktop/Git/lychee) by extension 'cmake'
[0.273s] Level 1:colcon.colcon_core.package_identification:_identify(/home/leo/Desktop/Git/lychee) by extension 'python'
[0.273s] Level 1:colcon.colcon_core.package_identification:_identify(/home/leo/Desktop/Git/lychee) by extensions ['python_setup_py']
[0.273s] Level 1:colcon.colcon_core.package_identification:_identify(/home/leo/Desktop/Git/lychee) by extension 'python_setup_py'
[0.273s] Level 1:colcon.colcon_core.package_identification:_identify(/home/leo/Desktop/Git/lychee/log) by extensions ['ignore', 'ignore_ament_install']
[0.273s] Level 1:colcon.colcon_core.package_identification:_identify(/home/leo/Desktop/Git/lychee/log) by extension 'ignore'
[0.273s] Level 1:colcon.colcon_core.package_identification:_identify(/home/leo/Desktop/Git/lychee/log) ignored
[0.273s] Level 1:colcon.colcon_core.package_identification:_identify(/home/leo/Desktop/Git/lychee/src) by extensions ['ignore', 'ignore_ament_install']
[0.273s] Level 1:colcon.colcon_core.package_identification:_identify(/home/leo/Desktop/Git/lychee/src) by extension 'ignore'
[0.273s] Level 1:colcon.colcon_core.package_identification:_identify(/home/leo/Desktop/Git/lychee/src) by extension 'ignore_ament_install'
[0.273s] Level 1:colcon.colcon_core.package_identification:_identify(/home/leo/Desktop/Git/lychee/src) by extensions ['colcon_pkg']
[0.273s] Level 1:colcon.colcon_core.package_identification:_identify(/home/leo/Desktop/Git/lychee/src) by extension 'colcon_pkg'
[0.273s] Level 1:colcon.colcon_core.package_identification:_identify(/home/leo/Desktop/Git/lychee/src) by extensions ['colcon_meta']
[0.273s] Level 1:colcon.colcon_core.package_identification:_identify(/home/leo/Desktop/Git/lychee/src) by extension 'colcon_meta'
[0.273s] Level 1:colcon.colcon_core.package_identification:_identify(/home/leo/Desktop/Git/lychee/src) by extensions ['ros']
[0.273s] Level 1:colcon.colcon_core.package_identification:_identify(/home/leo/Desktop/Git/lychee/src) by extension 'ros'
[0.273s] Level 1:colcon.colcon_core.package_identification:_identify(/home/leo/Desktop/Git/lychee/src) by extensions ['cmake', 'python']
[0.273s] Level 1:colcon.colcon_core.package_identification:_identify(/home/leo/Desktop/Git/lychee/src) by extension 'cmake'
[0.273s] Level 1:colcon.colcon_core.package_identification:_identify(/home/leo/Desktop/Git/lychee/src) by extension 'python'
[0.273s] Level 1:colcon.colcon_core.package_identification:_identify(/home/leo/Desktop/Git/lychee/src) by extensions ['python_setup_py']
[0.273s] Level 1:colcon.colcon_core.package_identification:_identify(/home/leo/Desktop/Git/lychee/src) by extension 'python_setup_py'
[0.274s] Level 1:colcon.colcon_core.package_identification:_identify(/home/leo/Desktop/Git/lychee/src/log) by extensions ['ignore', 'ignore_ament_install']
[0.274s] Level 1:colcon.colcon_core.package_identification:_identify(/home/leo/Desktop/Git/lychee/src/log) by extension 'ignore'
[0.274s] Level 1:colcon.colcon_core.package_identification:_identify(/home/leo/Desktop/Git/lychee/src/log) ignored
[0.274s] Level 1:colcon.colcon_core.package_identification:_identify(/home/leo/Desktop/Git/lychee/src/panda_description) by extensions ['ignore', 'ignore_ament_install']
[0.274s] Level 1:colcon.colcon_core.package_identification:_identify(/home/leo/Desktop/Git/lychee/src/panda_description) by extension 'ignore'
[0.274s] Level 1:colcon.colcon_core.package_identification:_identify(/home/leo/Desktop/Git/lychee/src/panda_description) by extension 'ignore_ament_install'
[0.274s] Level 1:colcon.colcon_core.package_identification:_identify(/home/leo/Desktop/Git/lychee/src/panda_description) by extensions ['colcon_pkg']
[0.274s] Level 1:colcon.colcon_core.package_identification:_identify(/home/leo/Desktop/Git/lychee/src/panda_description) by extension 'colcon_pkg'
[0.274s] Level 1:colcon.colcon_core.package_identification:_identify(/home/leo/Desktop/Git/lychee/src/panda_description) by extensions ['colcon_meta']
[0.274s] Level 1:colcon.colcon_core.package_identification:_identify(/home/leo/Desktop/Git/lychee/src/panda_description) by extension 'colcon_meta'
[0.274s] Level 1:colcon.colcon_core.package_identification:_identify(/home/leo/Desktop/Git/lychee/src/panda_description) by extensions ['ros']
[0.274s] Level 1:colcon.colcon_core.package_identification:_identify(/home/leo/Desktop/Git/lychee/src/panda_description) by extension 'ros'
[0.276s] DEBUG:colcon.colcon_core.package_identification:Package '/home/leo/Desktop/Git/lychee/src/panda_description' with type 'ros.ament_cmake' and name 'panda_description'
[0.276s] Level 1:colcon.colcon_core.package_identification:_identify(/home/leo/Desktop/Git/lychee/src/panda_moveit_config) by extensions ['ignore', 'ignore_ament_install']
[0.276s] Level 1:colcon.colcon_core.package_identification:_identify(/home/leo/Desktop/Git/lychee/src/panda_moveit_config) by extension 'ignore'
[0.276s] Level 1:colcon.colcon_core.package_identification:_identify(/home/leo/Desktop/Git/lychee/src/panda_moveit_config) by extension 'ignore_ament_install'
[0.276s] Level 1:colcon.colcon_core.package_identification:_identify(/home/leo/Desktop/Git/lychee/src/panda_moveit_config) by extensions ['colcon_pkg']
[0.276s] Level 1:colcon.colcon_core.package_identification:_identify(/home/leo/Desktop/Git/lychee/src/panda_moveit_config) by extension 'colcon_pkg'
[0.276s] Level 1:colcon.colcon_core.package_identification:_identify(/home/leo/Desktop/Git/lychee/src/panda_moveit_config) by extensions ['colcon_meta']
[0.276s] Level 1:colcon.colcon_core.package_identification:_identify(/home/leo/Desktop/Git/lychee/src/panda_moveit_config) by extension 'colcon_meta'
[0.276s] Level 1:colcon.colcon_core.package_identification:_identify(/home/leo/Desktop/Git/lychee/src/panda_moveit_config) by extensions ['ros']
[0.276s] Level 1:colcon.colcon_core.package_identification:_identify(/home/leo/Desktop/Git/lychee/src/panda_moveit_config) by extension 'ros'
[0.277s] DEBUG:colcon.colcon_core.package_identification:Package '/home/leo/Desktop/Git/lychee/src/panda_moveit_config' with type 'ros.ament_cmake' and name 'panda_moveit_config'
[0.277s] Level 1:colcon.colcon_core.package_identification:_identify(/home/leo/Desktop/Git/lychee/src/perception_pipeline) by extensions ['ignore', 'ignore_ament_install']
[0.277s] Level 1:colcon.colcon_core.package_identification:_identify(/home/leo/Desktop/Git/lychee/src/perception_pipeline) by extension 'ignore'
[0.277s] Level 1:colcon.colcon_core.package_identification:_identify(/home/leo/Desktop/Git/lychee/src/perception_pipeline) by extension 'ignore_ament_install'
[0.277s] Level 1:colcon.colcon_core.package_identification:_identify(/home/leo/Desktop/Git/lychee/src/perception_pipeline) by extensions ['colcon_pkg']
[0.277s] Level 1:colcon.colcon_core.package_identification:_identify(/home/leo/Desktop/Git/lychee/src/perception_pipeline) by extension 'colcon_pkg'
[0.277s] Level 1:colcon.colcon_core.package_identification:_identify(/home/leo/Desktop/Git/lychee/src/perception_pipeline) by extensions ['colcon_meta']
[0.277s] Level 1:colcon.colcon_core.package_identification:_identify(/home/leo/Desktop/Git/lychee/src/perception_pipeline) by extension 'colcon_meta'
[0.277s] Level 1:colcon.colcon_core.package_identification:_identify(/home/leo/Desktop/Git/lychee/src/perception_pipeline) by extensions ['ros']
[0.277s] Level 1:colcon.colcon_core.package_identification:_identify(/home/leo/Desktop/Git/lychee/src/perception_pipeline) by extension 'ros'
[0.278s] DEBUG:colcon.colcon_core.package_identification:Package '/home/leo/Desktop/Git/lychee/src/perception_pipeline' with type 'ros.ament_cmake' and name 'perception_pipeline'
[0.278s] Level 1:colcon.colcon_core.package_discovery:discover_packages(recursive) using defaults
[0.284s] Level 1:colcon.colcon_core.package_identification:_identify(/home/leo/Desktop/Git/lychee) by extensions ['cmake', 'python']
[0.284s] Level 1:colcon.colcon_core.package_identification:_identify(/home/leo/Desktop/Git/lychee) by extension 'cmake'
[0.284s] Level 1:colcon.colcon_core.package_identification:_identify(/home/leo/Desktop/Git/lychee) by extension 'python'
[0.284s] Level 1:colcon.colcon_core.package_identification:_identify(/home/leo/Desktop/Git/lychee) by extensions ['python_setup_py']
[0.284s] Level 1:colcon.colcon_core.package_identification:_identify(/home/leo/Desktop/Git/lychee) by extension 'python_setup_py'
[0.284s] Level 1:colcon.colcon_core.package_identification:_identify(/home/leo/Desktop/Git/lychee/log) by extensions ['ignore', 'ignore_ament_install']
[0.285s] Level 1:colcon.colcon_core.package_identification:_identify(/home/leo/Desktop/Git/lychee/log) by extension 'ignore'
[0.285s] Level 1:colcon.colcon_core.package_identification:_identify(/home/leo/Desktop/Git/lychee/log) ignored
[0.285s] Level 1:colcon.colcon_core.package_identification:_identify(/home/leo/Desktop/Git/lychee/src) by extensions ['ignore', 'ignore_ament_install']
[0.285s] Level 1:colcon.colcon_core.package_identification:_identify(/home/leo/Desktop/Git/lychee/src) by extension 'ignore'
[0.285s] Level 1:colcon.colcon_core.package_identification:_identify(/home/leo/Desktop/Git/lychee/src) by extension 'ignore_ament_install'
[0.285s] Level 1:colcon.colcon_core.package_identification:_identify(/home/leo/Desktop/Git/lychee/src) by extensions ['colcon_pkg']
[0.285s] Level 1:colcon.colcon_core.package_identification:_identify(/home/leo/Desktop/Git/lychee/src) by extension 'colcon_pkg'
[0.285s] Level 1:colcon.colcon_core.package_identification:_identify(/home/leo/Desktop/Git/lychee/src) by extensions ['colcon_meta']
[0.285s] Level 1:colcon.colcon_core.package_identification:_identify(/home/leo/Desktop/Git/lychee/src) by extension 'colcon_meta'
[0.285s] Level 1:colcon.colcon_core.package_identification:_identify(/home/leo/Desktop/Git/lychee/src) by extensions ['ros']
[0.285s] Level 1:colcon.colcon_core.package_identification:_identify(/home/leo/Desktop/Git/lychee/src) by extension 'ros'
[0.285s] Level 1:colcon.colcon_core.package_identification:_identify(/home/leo/Desktop/Git/lychee/src) by extensions ['cmake', 'python']
[0.285s] Level 1:colcon.colcon_core.package_identification:_identify(/home/leo/Desktop/Git/lychee/src) by extension 'cmake'
[0.285s] Level 1:colcon.colcon_core.package_identification:_identify(/home/leo/Desktop/Git/lychee/src) by extension 'python'
[0.285s] Level 1:colcon.colcon_core.package_identification:_identify(/home/leo/Desktop/Git/lychee/src) by extensions ['python_setup_py']
[0.285s] Level 1:colcon.colcon_core.package_identification:_identify(/home/leo/Desktop/Git/lychee/src) by extension 'python_setup_py'
[0.285s] Level 1:colcon.colcon_core.package_identification:_identify(/home/leo/Desktop/Git/lychee/src/log) by extensions ['ignore', 'ignore_ament_install']
[0.285s] Level 1:colcon.colcon_core.package_identification:_identify(/home/leo/Desktop/Git/lychee/src/log) by extension 'ignore'
[0.286s] Level 1:colcon.colcon_core.package_identification:_identify(/home/leo/Desktop/Git/lychee/src/log) ignored
[0.286s] Level 1:colcon.colcon_core.package_identification:_identify(/home/leo/Desktop/Git/lychee/src/panda_description) by extensions ['ignore', 'ignore_ament_install']
[0.286s] Level 1:colcon.colcon_core.package_identification:_identify(/home/leo/Desktop/Git/lychee/src/panda_description) by extension 'ignore'
[0.286s] Level 1:colcon.colcon_core.package_identification:_identify(/home/leo/Desktop/Git/lychee/src/panda_description) by extension 'ignore_ament_install'
[0.286s] Level 1:colcon.colcon_core.package_identification:_identify(/home/leo/Desktop/Git/lychee/src/panda_description) by extensions ['colcon_pkg']
[0.286s] Level 1:colcon.colcon_core.package_identification:_identify(/home/leo/Desktop/Git/lychee/src/panda_description) by extension 'colcon_pkg'
[0.286s] Level 1:colcon.colcon_core.package_identification:_identify(/home/leo/Desktop/Git/lychee/src/panda_description) by extensions ['colcon_meta']
[0.286s] Level 1:colcon.colcon_core.package_identification:_identify(/home/leo/Desktop/Git/lychee/src/panda_description) by extension 'colcon_meta'
[0.286s] Level 1:colcon.colcon_core.package_identification:_identify(/home/leo/Desktop/Git/lychee/src/panda_description) by extensions ['ros']
[0.286s] Level 1:colcon.colcon_core.package_identification:_identify(/home/leo/Desktop/Git/lychee/src/panda_description) by extension 'ros'
[0.288s] DEBUG:colcon.colcon_core.package_identification:Package '/home/leo/Desktop/Git/lychee/src/panda_description' with type 'ros.ament_cmake' and name 'panda_description'
[0.288s] Level 1:colcon.colcon_core.package_identification:_identify(/home/leo/Desktop/Git/lychee/src/panda_moveit_config) by extensions ['ignore', 'ignore_ament_install']
[0.288s] Level 1:colcon.colcon_core.package_identification:_identify(/home/leo/Desktop/Git/lychee/src/panda_moveit_config) by extension 'ignore'
[0.288s] Level 1:colcon.colcon_core.package_identification:_identify(/home/leo/Desktop/Git/lychee/src/panda_moveit_config) by extension 'ignore_ament_install'
[0.288s] Level 1:colcon.colcon_core.package_identification:_identify(/home/leo/Desktop/Git/lychee/src/panda_moveit_config) by extensions ['colcon_pkg']
[0.288s] Level 1:colcon.colcon_core.package_identification:_identify(/home/leo/Desktop/Git/lychee/src/panda_moveit_config) by extension 'colcon_pkg'
[0.288s] Level 1:colcon.colcon_core.package_identification:_identify(/home/leo/Desktop/Git/lychee/src/panda_moveit_config) by extensions ['colcon_meta']
[0.288s] Level 1:colcon.colcon_core.package_identification:_identify(/home/leo/Desktop/Git/lychee/src/panda_moveit_config) by extension 'colcon_meta'
[0.288s] Level 1:colcon.colcon_core.package_identification:_identify(/home/leo/Desktop/Git/lychee/src/panda_moveit_config) by extensions ['ros']
[0.288s] Level 1:colcon.colcon_core.package_identification:_identify(/home/leo/Desktop/Git/lychee/src/panda_moveit_config) by extension 'ros'
[0.289s] DEBUG:colcon.colcon_core.package_identification:Package '/home/leo/Desktop/Git/lychee/src/panda_moveit_config' with type 'ros.ament_cmake' and name 'panda_moveit_config'
[0.289s] Level 1:colcon.colcon_core.package_identification:_identify(/home/leo/Desktop/Git/lychee/src/perception_pipeline) by extensions ['ignore', 'ignore_ament_install']
[0.289s] Level 1:colcon.colcon_core.package_identification:_identify(/home/leo/Desktop/Git/lychee/src/perception_pipeline) by extension 'ignore'
[0.289s] Level 1:colcon.colcon_core.package_identification:_identify(/home/leo/Desktop/Git/lychee/src/perception_pipeline) by extension 'ignore_ament_install'
[0.289s] Level 1:colcon.colcon_core.package_identification:_identify(/home/leo/Desktop/Git/lychee/src/perception_pipeline) by extensions ['colcon_pkg']
[0.289s] Level 1:colcon.colcon_core.package_identification:_identify(/home/leo/Desktop/Git/lychee/src/perception_pipeline) by extension 'colcon_pkg'
[0.289s] Level 1:colcon.colcon_core.package_identification:_identify(/home/leo/Desktop/Git/lychee/src/perception_pipeline) by extensions ['colcon_meta']
[0.289s] Level 1:colcon.colcon_core.package_identification:_identify(/home/leo/Desktop/Git/lychee/src/perception_pipeline) by extension 'colcon_meta'
[0.289s] Level 1:colcon.colcon_core.package_identification:_identify(/home/leo/Desktop/Git/lychee/src/perception_pipeline) by extensions ['ros']
[0.289s] Level 1:colcon.colcon_core.package_identification:_identify(/home/leo/Desktop/Git/lychee/src/perception_pipeline) by extension 'ros'
[0.290s] DEBUG:colcon.colcon_core.package_identification:Package '/home/leo/Desktop/Git/lychee/src/perception_pipeline' with type 'ros.ament_cmake' and name 'perception_pipeline'
[0.290s] Level 1:colcon.colcon_core.package_discovery:discover_packages(recursive) using defaults
