[0.122s] DEBUG:colcon:Command line arguments: ['/usr/bin/colcon', 'list', '-p', '--base-paths', '/home/leo/isaac_moveit_perception/src', '--log-base', '/dev/null']
[0.122s] DEBUG:colcon:Parsed command line arguments: Namespace(log_base=None, log_level=None, verb_name='list', build_base='build', ignore_user_meta=False, metas=['./colcon.meta'], base_paths=['/home/leo/isaac_moveit_perception/src', '--log-base', '/dev/null'], packages_ignore=None, packages_ignore_regex=None, paths=None, packages_up_to=None, packages_up_to_regex=None, packages_above=None, packages_above_and_dependencies=None, packages_above_depth=None, packages_select_by_dep=None, packages_skip_by_dep=None, packages_skip_up_to=None, packages_select_build_failed=False, packages_skip_build_finished=False, packages_select_test_failures=False, packages_skip_test_passed=False, packages_select=None, packages_skip=None, packages_select_regex=None, packages_skip_regex=None, packages_start=None, packages_end=None, allow_overriding=[], topological_order=False, names_only=False, paths_only=True, topological_graph=False, topological_graph_dot=False, topological_graph_density=False, topological_graph_legend=False, topological_graph_dot_cluster=False, topological_graph_dot_include_skipped=False, mixin_files=None, mixin=None, verb_parser=<colcon_mixin.mixin.mixin_argument.MixinArgumentDecorator object at 0x7e4b9c130850>, verb_extension=<colcon_package_information.verb.list.ListVerb object at 0x7e4b9c0fbc70>, main=<bound method ListVerb.main of <colcon_package_information.verb.list.ListVerb object at 0x7e4b9c0fbc70>>, mixin_verb=('list',))
[0.346s] Level 1:colcon.colcon_core.package_discovery:discover_packages(colcon_meta) check parameters
[0.346s] Level 1:colcon.colcon_core.package_discovery:discover_packages(recursive) check parameters
[0.346s] Level 1:colcon.colcon_core.package_discovery:discover_packages(ignore) check parameters
[0.346s] Level 1:colcon.colcon_core.package_discovery:discover_packages(path) check parameters
[0.346s] Level 1:colcon.colcon_core.package_discovery:discover_packages(recursive) discover
[0.346s] INFO:colcon.colcon_core.package_discovery:Crawling recursively for packages in '/home/leo/isaac_moveit_perception/src', '/home/leo/isaac_moveit_perception/src/--log-base', '/dev/null'
[0.346s] Level 1:colcon.colcon_core.package_identification:_identify(/home/leo/isaac_moveit_perception/src) by extensions ['ignore', 'ignore_ament_install']
[0.346s] Level 1:colcon.colcon_core.package_identification:_identify(/home/leo/isaac_moveit_perception/src) by extension 'ignore'
[0.346s] Level 1:colcon.colcon_core.package_identification:_identify(/home/leo/isaac_moveit_perception/src) by extension 'ignore_ament_install'
[0.346s] Level 1:colcon.colcon_core.package_identification:_identify(/home/leo/isaac_moveit_perception/src) by extensions ['colcon_pkg']
[0.346s] Level 1:colcon.colcon_core.package_identification:_identify(/home/leo/isaac_moveit_perception/src) by extension 'colcon_pkg'
[0.346s] Level 1:colcon.colcon_core.package_identification:_identify(/home/leo/isaac_moveit_perception/src) by extensions ['colcon_meta']
[0.346s] Level 1:colcon.colcon_core.package_identification:_identify(/home/leo/isaac_moveit_perception/src) by extension 'colcon_meta'
[0.346s] Level 1:colcon.colcon_core.package_identification:_identify(/home/leo/isaac_moveit_perception/src) by extensions ['ros']
[0.346s] Level 1:colcon.colcon_core.package_identification:_identify(/home/leo/isaac_moveit_perception/src) by extension 'ros'
[0.371s] Level 1:colcon.colcon_core.package_identification:_identify(/home/leo/isaac_moveit_perception/src) by extensions ['cmake', 'python']
[0.371s] Level 1:colcon.colcon_core.package_identification:_identify(/home/leo/isaac_moveit_perception/src) by extension 'cmake'
[0.371s] Level 1:colcon.colcon_core.package_identification:_identify(/home/leo/isaac_moveit_perception/src) by extension 'python'
[0.371s] Level 1:colcon.colcon_core.package_identification:_identify(/home/leo/isaac_moveit_perception/src) by extensions ['python_setup_py']
[0.371s] Level 1:colcon.colcon_core.package_identification:_identify(/home/leo/isaac_moveit_perception/src) by extension 'python_setup_py'
[0.372s] Level 1:colcon.colcon_core.package_identification:_identify(/home/leo/isaac_moveit_perception/src/log) by extensions ['ignore', 'ignore_ament_install']
[0.372s] Level 1:colcon.colcon_core.package_identification:_identify(/home/leo/isaac_moveit_perception/src/log) by extension 'ignore'
[0.372s] Level 1:colcon.colcon_core.package_identification:_identify(/home/leo/isaac_moveit_perception/src/log) ignored
[0.372s] Level 1:colcon.colcon_core.package_identification:_identify(/home/leo/isaac_moveit_perception/src/panda_description) by extensions ['ignore', 'ignore_ament_install']
[0.372s] Level 1:colcon.colcon_core.package_identification:_identify(/home/leo/isaac_moveit_perception/src/panda_description) by extension 'ignore'
[0.372s] Level 1:colcon.colcon_core.package_identification:_identify(/home/leo/isaac_moveit_perception/src/panda_description) by extension 'ignore_ament_install'
[0.372s] Level 1:colcon.colcon_core.package_identification:_identify(/home/leo/isaac_moveit_perception/src/panda_description) by extensions ['colcon_pkg']
[0.372s] Level 1:colcon.colcon_core.package_identification:_identify(/home/leo/isaac_moveit_perception/src/panda_description) by extension 'colcon_pkg'
[0.372s] Level 1:colcon.colcon_core.package_identification:_identify(/home/leo/isaac_moveit_perception/src/panda_description) by extensions ['colcon_meta']
[0.372s] Level 1:colcon.colcon_core.package_identification:_identify(/home/leo/isaac_moveit_perception/src/panda_description) by extension 'colcon_meta'
[0.372s] Level 1:colcon.colcon_core.package_identification:_identify(/home/leo/isaac_moveit_perception/src/panda_description) by extensions ['ros']
[0.372s] Level 1:colcon.colcon_core.package_identification:_identify(/home/leo/isaac_moveit_perception/src/panda_description) by extension 'ros'
[0.374s] DEBUG:colcon.colcon_core.package_identification:Package '/home/leo/isaac_moveit_perception/src/panda_description' with type 'ros.ament_cmake' and name 'panda_description'
[0.375s] Level 1:colcon.colcon_core.package_identification:_identify(/home/leo/isaac_moveit_perception/src/panda_moveit_config) by extensions ['ignore', 'ignore_ament_install']
[0.375s] Level 1:colcon.colcon_core.package_identification:_identify(/home/leo/isaac_moveit_perception/src/panda_moveit_config) by extension 'ignore'
[0.375s] Level 1:colcon.colcon_core.package_identification:_identify(/home/leo/isaac_moveit_perception/src/panda_moveit_config) by extension 'ignore_ament_install'
[0.375s] Level 1:colcon.colcon_core.package_identification:_identify(/home/leo/isaac_moveit_perception/src/panda_moveit_config) by extensions ['colcon_pkg']
[0.375s] Level 1:colcon.colcon_core.package_identification:_identify(/home/leo/isaac_moveit_perception/src/panda_moveit_config) by extension 'colcon_pkg'
[0.375s] Level 1:colcon.colcon_core.package_identification:_identify(/home/leo/isaac_moveit_perception/src/panda_moveit_config) by extensions ['colcon_meta']
[0.375s] Level 1:colcon.colcon_core.package_identification:_identify(/home/leo/isaac_moveit_perception/src/panda_moveit_config) by extension 'colcon_meta'
[0.375s] Level 1:colcon.colcon_core.package_identification:_identify(/home/leo/isaac_moveit_perception/src/panda_moveit_config) by extensions ['ros']
[0.375s] Level 1:colcon.colcon_core.package_identification:_identify(/home/leo/isaac_moveit_perception/src/panda_moveit_config) by extension 'ros'
[0.376s] DEBUG:colcon.colcon_core.package_identification:Package '/home/leo/isaac_moveit_perception/src/panda_moveit_config' with type 'ros.ament_cmake' and name 'panda_moveit_config'
[0.376s] Level 1:colcon.colcon_core.package_identification:_identify(/home/leo/isaac_moveit_perception/src/perception_pipeline) by extensions ['ignore', 'ignore_ament_install']
[0.376s] Level 1:colcon.colcon_core.package_identification:_identify(/home/leo/isaac_moveit_perception/src/perception_pipeline) by extension 'ignore'
[0.376s] Level 1:colcon.colcon_core.package_identification:_identify(/home/leo/isaac_moveit_perception/src/perception_pipeline) by extension 'ignore_ament_install'
[0.376s] Level 1:colcon.colcon_core.package_identification:_identify(/home/leo/isaac_moveit_perception/src/perception_pipeline) by extensions ['colcon_pkg']
[0.376s] Level 1:colcon.colcon_core.package_identification:_identify(/home/leo/isaac_moveit_perception/src/perception_pipeline) by extension 'colcon_pkg'
[0.376s] Level 1:colcon.colcon_core.package_identification:_identify(/home/leo/isaac_moveit_perception/src/perception_pipeline) by extensions ['colcon_meta']
[0.376s] Level 1:colcon.colcon_core.package_identification:_identify(/home/leo/isaac_moveit_perception/src/perception_pipeline) by extension 'colcon_meta'
[0.376s] Level 1:colcon.colcon_core.package_identification:_identify(/home/leo/isaac_moveit_perception/src/perception_pipeline) by extensions ['ros']
[0.376s] Level 1:colcon.colcon_core.package_identification:_identify(/home/leo/isaac_moveit_perception/src/perception_pipeline) by extension 'ros'
[0.377s] DEBUG:colcon.colcon_core.package_identification:Package '/home/leo/isaac_moveit_perception/src/perception_pipeline' with type 'ros.ament_cmake' and name 'perception_pipeline'
[0.377s] Level 1:colcon.colcon_core.package_discovery:discover_packages(recursive) using defaults
